Drill Listing
=============
Drill: .15  Tool: 1  Feed: 0  Speed: 0
X 139000  Y 139000
X 144000  Y 139000
X 143000  Y 139000
X 145000  Y 139000
X 142000  Y 139000
X 141200  Y 139900
X 140800  Y 139900
X 145000  Y 140000
X 142000  Y 140000
X 144000  Y 140000
X 143000  Y 140000
X 140000  Y 140000
X 145000  Y 141000
X 143000  Y 141000
X 142000  Y 141000
X 143900  Y 141000
X 141000  Y 141000
X 140000  Y 141000
X 139950  Y 141850
X 142000  Y 142000
X 141000  Y 142000
X 139000  Y 142000
X 144850  Y 142950
X 140000  Y 143000
X 141000  Y 143000
X 139000  Y 143000
X 143650  Y 143650
X 140000  Y 144000
X 139000  Y 144000
X 141000  Y 144000
X 142900  Y 144900
X 140000  Y 145000
X 141000  Y 145000
X 139000  Y 145000
X 145000  Y 145150
X 139900  Y 145900
X 141000  Y 146000
X 139000  Y 146000
X 142000  Y 146000
X 141100  Y 147000
X 142000  Y 147000
X 139000  Y 147000
X 140000  Y 147100
X 144600  Y 147250
X 141000  Y 148000
X 142000  Y 148000
X 139000  Y 148000
X 140000  Y 148100
X 139900  Y 148900
X 141000  Y 149000
X 142000  Y 149000
X 144400  Y 149250
X 139000  Y 149700
X 139000  Y 150300
X 141000  Y 151000
X 140000  Y 151000
X 144500  Y 151500
X 141000  Y 151900
X 142000  Y 152000
X 139900  Y 152000
X 139000  Y 152000
X 141100  Y 152900
X 140000  Y 153000
X 139000  Y 153000
X 144700  Y 153050
X 140000  Y 154000
X 142000  Y 154000
X 141000  Y 154000
X 139000  Y 154000
X 139000  Y 155000
X 144900  Y 155000
X 140000  Y 155000
X 143000  Y 155300
X 139000  Y 155700
X 141000  Y 156000
X 140000  Y 156000
X 139000  Y 156200
X 143600  Y 156400
X 140000  Y 157000
X 144700  Y 157000
X 139000  Y 157000
X 141000  Y 157000
X 140000  Y 158000
X 142000  Y 158000
X 142800  Y 158100
X 139900  Y 158800
X 144000  Y 158900
X 141000  Y 159000
X 145000  Y 159000
X 143000  Y 159000
X 139900  Y 159200
X 145000  Y 160000
X 143950  Y 160000
X 142000  Y 160000
X 140000  Y 160000
X 143000  Y 160000
X 140800  Y 160100
X 141200  Y 160100
X 143900  Y 160900
X 144900  Y 160900
X 139000  Y 161000
X 142000  Y 161000
X 145400  Y 161000
X 146000  Y 161000
X 148700  Y 161000
X 149200  Y 161000
X 147000  Y 161000
X 150500  Y 161000
X 147900  Y 160100
X 150000  Y 160000
X 151000  Y 160000
X 146000  Y 160000
X 147100  Y 159900
X 150100  Y 159100
X 148000  Y 159000
X 151000  Y 159000
X 147000  Y 159000
X 149100  Y 158900
X 148000  Y 158000
X 149000  Y 158000
X 146000  Y 158000
X 150500  Y 157000
X 149200  Y 155600
X 150500  Y 155600
X 147150  Y 155350
X 149800  Y 154800
X 148000  Y 154650
X 145750  Y 154300
X 149000  Y 154000
X 150000  Y 154000
X 148000  Y 154000
X 151000  Y 154000
X 150000  Y 153000
X 147000  Y 153000
X 148000  Y 153000
X 149000  Y 153000
X 151000  Y 153000
X 146000  Y 152000
X 150000  Y 152000
X 147000  Y 152000
X 148000  Y 152000
X 149000  Y 152000
X 151000  Y 152000
X 146000  Y 151000
X 150000  Y 151000
X 148000  Y 151000
X 147000  Y 151000
X 149000  Y 151000
X 151000  Y 151000
X 145900  Y 150100
X 147000  Y 150000
X 148000  Y 150000
X 149000  Y 150000
X 150000  Y 150000
X 151000  Y 150000
X 146000  Y 149000
X 150000  Y 149000
X 147000  Y 149000
X 148000  Y 149000
X 149000  Y 149000
X 151000  Y 149000
X 150000  Y 148000
X 149000  Y 148000
X 148000  Y 148000
X 147000  Y 148000
X 151000  Y 148000
X 146000  Y 148000
X 150000  Y 147500
X 150000  Y 147000
X 149000  Y 147000
X 148000  Y 147000
X 147000  Y 147000
X 151000  Y 147000
X 147948  Y 146058
X 151000  Y 146050
X 149100  Y 146000
X 150200  Y 145950
X 149800  Y 145850
X 145750  Y 145800
X 150000  Y 145200
X 146850  Y 144700
X 148650  Y 144450
X 149450  Y 143200
X 150500  Y 143200
X 146450  Y 143050
X 148050  Y 143000
X 148000  Y 142000
X 146150  Y 141050
X 148000  Y 141000
X 149000  Y 141000
X 151000  Y 141000
X 150100  Y 140100
X 147000  Y 140000
X 146000  Y 140000
X 149000  Y 140000
X 151000  Y 140000
X 148000  Y 140000
X 146000  Y 139000
X 150000  Y 139000
X 147300  Y 139000
X 151000  Y 139000
X 148000  Y 139000
X 158000  Y 139000
X 156000  Y 139000
X 154000  Y 139000
X 153000  Y 139000
X 152000  Y 139000
X 157000  Y 139000
X 152000  Y 140000
X 154000  Y 140000
X 158000  Y 140000
X 157000  Y 140000
X 156000  Y 140000
X 155000  Y 140000
X 154000  Y 141000
X 156000  Y 141000
X 152000  Y 141000
X 156800  Y 141050
X 157900  Y 141100
X 152000  Y 142000
X 153400  Y 143000
X 152000  Y 143000
X 154900  Y 143100
X 156400  Y 143600
X 152500  Y 144600
X 156950  Y 144650
X 154900  Y 145150
X 154300  Y 145850
X 158000  Y 146050
X 152052  Y 146058
X 158000  Y 146950
X 153000  Y 147000
X 152000  Y 147000
X 155400  Y 147350
X 154000  Y 148000
X 152000  Y 148000
X 153000  Y 148000
X 158000  Y 148000
X 154000  Y 149000
X 152000  Y 149000
X 153000  Y 149000
X 155600  Y 149200
X 156900  Y 149500
X 153000  Y 150000
X 152000  Y 150000
X 154000  Y 150000
X 156950  Y 150500
X 154000  Y 151000
X 153000  Y 151000
X 152000  Y 151000
X 155550  Y 151300
X 157000  Y 151850
X 154000  Y 152000
X 152000  Y 152000
X 153000  Y 152000
X 156900  Y 152800
X 155350  Y 152850
X 152000  Y 153000
X 153000  Y 153000
X 152000  Y 154000
X 157950  Y 154050
X 154200  Y 154200
X 152400  Y 154600
X 154850  Y 154900
X 157100  Y 155100
X 152350  Y 155450
X 156400  Y 156400
X 155350  Y 156750
X 152600  Y 156950
X 151850  Y 157950
X 152950  Y 158000
X 158000  Y 158000
X 156900  Y 158850
X 153800  Y 158950
X 157850  Y 158950
X 155800  Y 158950
X 155000  Y 159000
X 152000  Y 159500
X 154800  Y 159900
X 153800  Y 159950
X 157000  Y 160000
X 155950  Y 160000
X 153000  Y 160000
X 158000  Y 160000
X 155100  Y 160200
X 156900  Y 160900
X 151700  Y 161000
X 152200  Y 161000
X 158000  Y 161000
X 154000  Y 161000
X 153000  Y 161000
X 161000  Y 161000
X 159250  Y 160050
X 158750  Y 160050
X 160000  Y 160000
X 160100  Y 159100
X 159000  Y 159000
X 160100  Y 158100
X 161000  Y 158000
X 160000  Y 157000
X 160900  Y 156900
X 159000  Y 156000
X 161000  Y 156000
X 160000  Y 156000
X 161000  Y 155000
X 160000  Y 155000
X 161000  Y 154000
X 159000  Y 154000
X 159100  Y 153100
X 161000  Y 153000
X 160000  Y 153000
X 158100  Y 152100
X 160000  Y 152000
X 161000  Y 152000
X 158950  Y 151850
X 159000  Y 151000
X 159950  Y 150950
X 161000  Y 150300
X 161000  Y 149700
X 159000  Y 149500
X 160000  Y 149000
X 159000  Y 148000
X 161000  Y 148000
X 160000  Y 148000
X 158950  Y 147150
X 161000  Y 147000
X 160000  Y 146900
X 161000  Y 146000
X 160000  Y 146000
X 161000  Y 145000
X 160000  Y 145000
X 159000  Y 144900
X 161000  Y 144000
X 159000  Y 144000
X 160000  Y 143000
X 161000  Y 143000
X 159000  Y 143000
X 161000  Y 142000
X 160000  Y 142000
X 159000  Y 142000
X 160100  Y 141200
X 159000  Y 141000
X 160100  Y 140800
X 160000  Y 140000
X 159200  Y 139900
X 158800  Y 139900
X 161000  Y 139000
End of Listing
